<?xml version="1.0" encoding="UTF-8"?>
<testsuite name="com.hundredwordsgof.flyweightobserver.FlyweightTest" tests="1" skipped="0" failures="0" errors="0" timestamp="2018-04-26T04:04:45" hostname="LAPTOP-HB6TPSF8" time="0.019">
  <properties/>
  <testcase name="testFlyweight()" classname="com.hundredwordsgof.flyweightobserver.FlyweightTest" time="0.019"/>
  <system-out><![CDATA[]]></system-out>
  <system-err><![CDATA[]]></system-err>
</testsuite>
